Started GET "/" for 127.0.0.1 at 2018-04-07 18:20:33 +0900
  [1m[36mActiveRecord::SchemaMigration Load (1.6ms)[0m  [1m[34mSELECT `schema_migrations`.* FROM `schema_migrations`[0m
Processing by GroupsController#index as HTML
  [1m[36mUser Load (0.3ms)[0m  [1m[34mSELECT  `users`.* FROM `users` WHERE `users`.`id` = 3 ORDER BY `users`.`id` ASC LIMIT 1[0m
  Rendering groups/index.html.haml within layouts/application
  [1m[36mGroup Load (0.4ms)[0m  [1m[34mSELECT `groups`.* FROM `groups` INNER JOIN `group_users` ON `groups`.`id` = `group_users`.`group_id` WHERE `group_users`.`user_id` = 3[0m
  [1m[36mMessage Load (0.3ms)[0m  [1m[34mSELECT  `messages`.* FROM `messages` WHERE `messages`.`group_id` = 45 ORDER BY `messages`.`id` DESC LIMIT 1[0m
  Rendered messages/_sidebar.html.haml (101.7ms)
  Rendered groups/index.html.haml within layouts/application (119.1ms)
  Rendered layouts/_notifications.html.haml (3.8ms)
Completed 200 OK in 1747ms (Views: 1681.3ms | ActiveRecord: 19.6ms)


Started GET "/groups/45/messages" for 127.0.0.1 at 2018-04-07 18:20:38 +0900
Processing by MessagesController#index as HTML
  Parameters: {"group_id"=>"45"}
  [1m[36mUser Load (1.1ms)[0m  [1m[34mSELECT  `users`.* FROM `users` WHERE `users`.`id` = 3 ORDER BY `users`.`id` ASC LIMIT 1[0m
  [1m[36mGroup Load (4.1ms)[0m  [1m[34mSELECT  `groups`.* FROM `groups` WHERE `groups`.`id` = 45 LIMIT 1[0m
  Rendering messages/index.html.haml within layouts/application
  [1m[36mGroup Load (0.3ms)[0m  [1m[34mSELECT `groups`.* FROM `groups` INNER JOIN `group_users` ON `groups`.`id` = `group_users`.`group_id` WHERE `group_users`.`user_id` = 3[0m
  [1m[36mMessage Load (0.2ms)[0m  [1m[34mSELECT  `messages`.* FROM `messages` WHERE `messages`.`group_id` = 45 ORDER BY `messages`.`id` DESC LIMIT 1[0m
  Rendered messages/_sidebar.html.haml (8.4ms)
  [1m[36mUser Load (0.3ms)[0m  [1m[34mSELECT `users`.* FROM `users` INNER JOIN `group_users` ON `users`.`id` = `group_users`.`user_id` WHERE `group_users`.`group_id` = 45[0m
  [1m[36mMessage Load (0.2ms)[0m  [1m[34mSELECT `messages`.* FROM `messages` WHERE `messages`.`group_id` = 45[0m
  [1m[36mUser Load (0.3ms)[0m  [1m[34mSELECT `users`.* FROM `users` WHERE `users`.`id` = 3[0m
  Rendered collection of messages/_message.html.haml [4 times] (4.5ms)
  Rendered messages/index.html.haml within layouts/application (45.6ms)
  Rendered layouts/_notifications.html.haml (1.6ms)
Completed 200 OK in 101ms (Views: 82.3ms | ActiveRecord: 6.6ms)


Started GET "/" for 127.0.0.1 at 2018-04-07 18:20:40 +0900
Processing by GroupsController#index as JSON
  [1m[36mUser Load (0.3ms)[0m  [1m[34mSELECT  `users`.* FROM `users` WHERE `users`.`id` = 3 ORDER BY `users`.`id` ASC LIMIT 1[0m
  Rendering groups/index.json.jbuilder
  Rendered groups/index.json.jbuilder (5.0ms)
Completed 200 OK in 58ms (Views: 35.1ms | ActiveRecord: 0.3ms)


Started POST "/groups/45/messages" for 127.0.0.1 at 2018-04-07 18:20:41 +0900
Processing by MessagesController#create as JSON
  Parameters: {"utf8"=>"✓", "authenticity_token"=>"o1O4PWSe56dOGgDc/i87loIr0CQd/u/GUv9wUlbHehbU2wX55RPqAQ94A9vxL7Gb8ez9pwA4ft1+xvsv3CNx1A==", "message"=>{"content"=>"fds"}, "group_id"=>"45"}
  [1m[36mUser Load (0.3ms)[0m  [1m[34mSELECT  `users`.* FROM `users` WHERE `users`.`id` = 3 ORDER BY `users`.`id` ASC LIMIT 1[0m
  [1m[36mGroup Load (0.4ms)[0m  [1m[34mSELECT  `groups`.* FROM `groups` WHERE `groups`.`id` = 45 LIMIT 1[0m
  [1m[35m (0.1ms)[0m  [1m[35mBEGIN[0m
  [1m[36mUser Load (0.3ms)[0m  [1m[34mSELECT  `users`.* FROM `users` WHERE `users`.`id` = 3 LIMIT 1[0m
  [1m[35mSQL (1.9ms)[0m  [1m[32mINSERT INTO `messages` (`content`, `group_id`, `user_id`, `created_at`, `updated_at`) VALUES ('fds', 45, 3, '2018-04-07 09:20:41', '2018-04-07 09:20:41')[0m
  [1m[35m (2.8ms)[0m  [1m[35mCOMMIT[0m
  Rendering messages/create.json.jbuilder
  Rendered messages/create.json.jbuilder (0.8ms)
Completed 200 OK in 32ms (Views: 12.7ms | ActiveRecord: 5.8ms)


Started GET "/" for 127.0.0.1 at 2018-04-07 18:20:43 +0900
Processing by GroupsController#index as JSON
  [1m[36mUser Load (0.3ms)[0m  [1m[34mSELECT  `users`.* FROM `users` WHERE `users`.`id` = 3 ORDER BY `users`.`id` ASC LIMIT 1[0m
  Rendering groups/index.json.jbuilder
  Rendered groups/index.json.jbuilder (0.3ms)
Completed 200 OK in 50ms (Views: 28.8ms | ActiveRecord: 0.3ms)


Started GET "/" for 127.0.0.1 at 2018-04-07 18:20:46 +0900
Processing by GroupsController#index as JSON
  [1m[36mUser Load (0.3ms)[0m  [1m[34mSELECT  `users`.* FROM `users` WHERE `users`.`id` = 3 ORDER BY `users`.`id` ASC LIMIT 1[0m
  Rendering groups/index.json.jbuilder
  Rendered groups/index.json.jbuilder (0.5ms)
Completed 200 OK in 45ms (Views: 27.1ms | ActiveRecord: 0.3ms)


Started GET "/" for 127.0.0.1 at 2018-04-07 18:20:48 +0900
Processing by GroupsController#index as JSON
  [1m[36mUser Load (0.3ms)[0m  [1m[34mSELECT  `users`.* FROM `users` WHERE `users`.`id` = 3 ORDER BY `users`.`id` ASC LIMIT 1[0m
  Rendering groups/index.json.jbuilder
  Rendered groups/index.json.jbuilder (0.9ms)
Completed 200 OK in 46ms (Views: 26.3ms | ActiveRecord: 0.3ms)


Started GET "/" for 127.0.0.1 at 2018-04-07 18:20:50 +0900
Processing by GroupsController#index as JSON
  [1m[36mUser Load (0.4ms)[0m  [1m[34mSELECT  `users`.* FROM `users` WHERE `users`.`id` = 3 ORDER BY `users`.`id` ASC LIMIT 1[0m
  Rendering groups/index.json.jbuilder
  Rendered groups/index.json.jbuilder (0.4ms)
Completed 200 OK in 45ms (Views: 25.4ms | ActiveRecord: 0.4ms)


Started GET "/" for 127.0.0.1 at 2018-04-07 18:20:53 +0900
Processing by GroupsController#index as JSON
  [1m[36mUser Load (0.3ms)[0m  [1m[34mSELECT  `users`.* FROM `users` WHERE `users`.`id` = 3 ORDER BY `users`.`id` ASC LIMIT 1[0m
  Rendering groups/index.json.jbuilder
  Rendered groups/index.json.jbuilder (0.4ms)
Completed 200 OK in 46ms (Views: 26.6ms | ActiveRecord: 0.3ms)


Started GET "/" for 127.0.0.1 at 2018-04-07 18:20:56 +0900
Processing by GroupsController#index as JSON
  [1m[36mUser Load (0.3ms)[0m  [1m[34mSELECT  `users`.* FROM `users` WHERE `users`.`id` = 3 ORDER BY `users`.`id` ASC LIMIT 1[0m
  Rendering groups/index.json.jbuilder
  Rendered groups/index.json.jbuilder (0.4ms)
Completed 200 OK in 48ms (Views: 28.1ms | ActiveRecord: 0.3ms)


Started GET "/" for 127.0.0.1 at 2018-04-07 18:20:58 +0900
Processing by GroupsController#index as JSON
  [1m[36mUser Load (0.3ms)[0m  [1m[34mSELECT  `users`.* FROM `users` WHERE `users`.`id` = 3 ORDER BY `users`.`id` ASC LIMIT 1[0m
  Rendering groups/index.json.jbuilder
  Rendered groups/index.json.jbuilder (0.4ms)
Completed 200 OK in 46ms (Views: 27.2ms | ActiveRecord: 0.3ms)


Started GET "/" for 127.0.0.1 at 2018-04-07 18:21:01 +0900
Processing by GroupsController#index as JSON
  [1m[36mUser Load (0.3ms)[0m  [1m[34mSELECT  `users`.* FROM `users` WHERE `users`.`id` = 3 ORDER BY `users`.`id` ASC LIMIT 1[0m
  Rendering groups/index.json.jbuilder
  Rendered groups/index.json.jbuilder (0.4ms)
Completed 200 OK in 47ms (Views: 27.4ms | ActiveRecord: 0.3ms)


Started GET "/" for 127.0.0.1 at 2018-04-07 18:21:03 +0900
Processing by GroupsController#index as JSON
  [1m[36mUser Load (0.3ms)[0m  [1m[34mSELECT  `users`.* FROM `users` WHERE `users`.`id` = 3 ORDER BY `users`.`id` ASC LIMIT 1[0m
  Rendering groups/index.json.jbuilder
  Rendered groups/index.json.jbuilder (0.4ms)
Completed 200 OK in 45ms (Views: 26.9ms | ActiveRecord: 0.3ms)


Started GET "/" for 127.0.0.1 at 2018-04-07 18:21:06 +0900
Processing by GroupsController#index as JSON
  [1m[36mUser Load (0.4ms)[0m  [1m[34mSELECT  `users`.* FROM `users` WHERE `users`.`id` = 3 ORDER BY `users`.`id` ASC LIMIT 1[0m
  Rendering groups/index.json.jbuilder
  Rendered groups/index.json.jbuilder (0.6ms)
Completed 200 OK in 96ms (Views: 58.7ms | ActiveRecord: 0.4ms)


Started GET "/" for 127.0.0.1 at 2018-04-07 18:21:08 +0900
Processing by GroupsController#index as JSON
  [1m[36mUser Load (0.3ms)[0m  [1m[34mSELECT  `users`.* FROM `users` WHERE `users`.`id` = 3 ORDER BY `users`.`id` ASC LIMIT 1[0m
  Rendering groups/index.json.jbuilder
  Rendered groups/index.json.jbuilder (0.4ms)
Completed 200 OK in 49ms (Views: 31.1ms | ActiveRecord: 0.3ms)


Started GET "/" for 127.0.0.1 at 2018-04-07 18:21:11 +0900
Processing by GroupsController#index as JSON
  [1m[36mUser Load (2.0ms)[0m  [1m[34mSELECT  `users`.* FROM `users` WHERE `users`.`id` = 3 ORDER BY `users`.`id` ASC LIMIT 1[0m
  Rendering groups/index.json.jbuilder
  Rendered groups/index.json.jbuilder (0.3ms)
Completed 200 OK in 50ms (Views: 27.5ms | ActiveRecord: 2.0ms)


Started GET "/" for 127.0.0.1 at 2018-04-07 18:21:13 +0900
Processing by GroupsController#index as JSON
  [1m[36mUser Load (0.3ms)[0m  [1m[34mSELECT  `users`.* FROM `users` WHERE `users`.`id` = 3 ORDER BY `users`.`id` ASC LIMIT 1[0m
  Rendering groups/index.json.jbuilder
  Rendered groups/index.json.jbuilder (0.4ms)
Completed 200 OK in 54ms (Views: 33.8ms | ActiveRecord: 0.3ms)


Started GET "/" for 127.0.0.1 at 2018-04-07 18:21:16 +0900
Processing by GroupsController#index as JSON
  [1m[36mUser Load (0.4ms)[0m  [1m[34mSELECT  `users`.* FROM `users` WHERE `users`.`id` = 3 ORDER BY `users`.`id` ASC LIMIT 1[0m
  Rendering groups/index.json.jbuilder
  Rendered groups/index.json.jbuilder (0.6ms)
Completed 200 OK in 71ms (Views: 39.7ms | ActiveRecord: 0.4ms)


Started GET "/" for 127.0.0.1 at 2018-04-07 18:21:18 +0900
Processing by GroupsController#index as JSON
  [1m[36mUser Load (0.5ms)[0m  [1m[34mSELECT  `users`.* FROM `users` WHERE `users`.`id` = 3 ORDER BY `users`.`id` ASC LIMIT 1[0m
  Rendering groups/index.json.jbuilder
  Rendered groups/index.json.jbuilder (0.4ms)
Completed 200 OK in 52ms (Views: 28.5ms | ActiveRecord: 0.5ms)


Started GET "/" for 127.0.0.1 at 2018-04-07 18:21:20 +0900
Processing by GroupsController#index as JSON
  [1m[36mUser Load (0.3ms)[0m  [1m[34mSELECT  `users`.* FROM `users` WHERE `users`.`id` = 3 ORDER BY `users`.`id` ASC LIMIT 1[0m
  Rendering groups/index.json.jbuilder
  Rendered groups/index.json.jbuilder (0.6ms)
Completed 200 OK in 46ms (Views: 27.4ms | ActiveRecord: 0.3ms)


Started GET "/" for 127.0.0.1 at 2018-04-07 18:21:23 +0900
Processing by GroupsController#index as JSON
  [1m[36mUser Load (0.3ms)[0m  [1m[34mSELECT  `users`.* FROM `users` WHERE `users`.`id` = 3 ORDER BY `users`.`id` ASC LIMIT 1[0m
  Rendering groups/index.json.jbuilder
  Rendered groups/index.json.jbuilder (0.5ms)
Completed 200 OK in 44ms (Views: 26.2ms | ActiveRecord: 0.3ms)


Started GET "/" for 127.0.0.1 at 2018-04-07 18:21:26 +0900
Processing by GroupsController#index as JSON
  [1m[36mUser Load (0.3ms)[0m  [1m[34mSELECT  `users`.* FROM `users` WHERE `users`.`id` = 3 ORDER BY `users`.`id` ASC LIMIT 1[0m
  Rendering groups/index.json.jbuilder
  Rendered groups/index.json.jbuilder (0.3ms)
Completed 200 OK in 42ms (Views: 23.1ms | ActiveRecord: 0.3ms)


Started GET "/" for 127.0.0.1 at 2018-04-07 18:21:28 +0900
Processing by GroupsController#index as JSON
  [1m[36mUser Load (0.3ms)[0m  [1m[34mSELECT  `users`.* FROM `users` WHERE `users`.`id` = 3 ORDER BY `users`.`id` ASC LIMIT 1[0m
  Rendering groups/index.json.jbuilder
  Rendered groups/index.json.jbuilder (0.3ms)
Completed 200 OK in 43ms (Views: 24.2ms | ActiveRecord: 0.3ms)


Started GET "/" for 127.0.0.1 at 2018-04-07 18:21:30 +0900
Processing by GroupsController#index as JSON
  [1m[36mUser Load (0.3ms)[0m  [1m[34mSELECT  `users`.* FROM `users` WHERE `users`.`id` = 3 ORDER BY `users`.`id` ASC LIMIT 1[0m
  Rendering groups/index.json.jbuilder
  Rendered groups/index.json.jbuilder (0.3ms)
Completed 200 OK in 44ms (Views: 23.9ms | ActiveRecord: 0.3ms)


Started GET "/" for 127.0.0.1 at 2018-04-07 18:21:33 +0900
Processing by GroupsController#index as JSON
  [1m[36mUser Load (0.3ms)[0m  [1m[34mSELECT  `users`.* FROM `users` WHERE `users`.`id` = 3 ORDER BY `users`.`id` ASC LIMIT 1[0m
  Rendering groups/index.json.jbuilder
  Rendered groups/index.json.jbuilder (0.4ms)
Completed 200 OK in 43ms (Views: 23.9ms | ActiveRecord: 0.3ms)


Started GET "/groups/45/edit" for 127.0.0.1 at 2018-04-07 18:27:30 +0900
  [1m[36mActiveRecord::SchemaMigration Load (0.3ms)[0m  [1m[34mSELECT `schema_migrations`.* FROM `schema_migrations`[0m
Processing by GroupsController#edit as HTML
  Parameters: {"id"=>"45"}
  [1m[36mUser Load (0.3ms)[0m  [1m[34mSELECT  `users`.* FROM `users` WHERE `users`.`id` = 3 ORDER BY `users`.`id` ASC LIMIT 1[0m
  [1m[36mGroup Load (0.4ms)[0m  [1m[34mSELECT  `groups`.* FROM `groups` WHERE `groups`.`id` = 45 LIMIT 1[0m
  Rendering groups/edit.html.haml within layouts/application
  Rendered groups/_form.html.haml (18.8ms)
  Rendered groups/edit.html.haml within layouts/application (39.0ms)
  Rendered layouts/_notifications.html.haml (2.7ms)
Completed 200 OK in 460ms (Views: 386.6ms | ActiveRecord: 10.8ms)


